release prepare

Edits the package.json and changelog files to prepare for release.

Options:
  --version        Show version number                                 [boolean]
  --help           Show help                                           [boolean]
  --fromStdin      Read the summary of changes from stdin instead of building
                   them from scratch.                                  [boolean]
  --singlePackage  Allows you to run this command in a non monorepo and define
                   the package name                                     [string]

ExecaError: Command failed with exit code 1: node '/home/runner/work/limber/limber/node_modules/.pnpm/github-changelog@2.0.0/node_modules/github-changelog/bin/cli.js' --next-version Release

Error: Command failed with exit code 128: git describe --abbrev=0 --tags
fatal: No names found, cannot describe anything.
    at makeError (/home/runner/work/limber/limber/node_modules/.pnpm/execa@5.1.1/node_modules/execa/lib/error.js:60:11)
    at module.exports.sync (/home/runner/work/limber/limber/node_modules/.pnpm/execa@5.1.1/node_modules/execa/index.js:194:17)
    at Object.lastTag (/home/runner/work/limber/limber/node_modules/.pnpm/github-changelog@2.0.0/node_modules/github-changelog/lib/git.js:31:18)
    at Changelog.<anonymous> (/home/runner/work/limber/limber/node_modules/.pnpm/github-changelog@2.0.0/node_modules/github-changelog/lib/changelog.js:32:56)
    at Generator.next (<anonymous>)
    at /home/runner/work/limber/limber/node_modules/.pnpm/github-changelog@2.0.0/node_modules/github-changelog/lib/changelog.js:8:71
    at new Promise (<anonymous>)
    at __awaiter (/home/runner/work/limber/limber/node_modules/.pnpm/github-changelog@2.0.0/node_modules/github-changelog/lib/changelog.js:4:12)
    at Changelog.createMarkdown (/home/runner/work/limber/limber/node_modules/.pnpm/github-changelog@2.0.0/node_modules/github-changelog/lib/changelog.js:31:16)
    at Object.<anonymous> (/home/runner/work/limber/limber/node_modules/.pnpm/github-changelog@2.0.0/node_modules/github-changelog/lib/cli.js:77:64)
    at Generator.next (<anonymous>)
    at /home/runner/work/limber/limber/node_modules/.pnpm/github-changelog@2.0.0/node_modules/github-changelog/lib/cli.js:8:71
    at new Promise (<anonymous>)
    at __awaiter (/home/runner/work/limber/limber/node_modules/.pnpm/github-changelog@2.0.0/node_modules/github-changelog/lib/cli.js:4:12)
    at Object.run (/home/runner/work/limber/limber/node_modules/.pnpm/github-changelog@2.0.0/node_modules/github-changelog/lib/cli.js:20:12)
    at Object.<anonymous> (/home/runner/work/limber/limber/node_modules/.pnpm/github-changelog@2.0.0/node_modules/github-changelog/bin/cli.js:7:5)
    at getFinalError (file:///home/runner/work/limber/limber/node_modules/.pnpm/execa@9.6.0/node_modules/execa/lib/return/final-error.js:6:9)
    at makeError (file:///home/runner/work/limber/limber/node_modules/.pnpm/execa@9.6.0/node_modules/execa/lib/return/result.js:108:16)
    at getAsyncResult (file:///home/runner/work/limber/limber/node_modules/.pnpm/execa@9.6.0/node_modules/execa/lib/methods/main-async.js:168:4)
    at handlePromise (file:///home/runner/work/limber/limber/node_modules/.pnpm/execa@9.6.0/node_modules/execa/lib/methods/main-async.js:151:17)
    at async gatherChanges (file:///home/runner/work/limber/limber/node_modules/.pnpm/release-plan@0.17.0/node_modules/release-plan/dist/gather-changes.js:8:20)
    at async newChangelogContent (file:///home/runner/work/limber/limber/node_modules/.pnpm/release-plan@0.17.0/node_modules/release-plan/dist/cli.js:90:19)
    at async Object.handler (file:///home/runner/work/limber/limber/node_modules/.pnpm/release-plan@0.17.0/node_modules/release-plan/dist/cli.js:14:36) {
  shortMessage: "Command failed with exit code 1: node '/home/runner/work/limber/limber/node_modules/.pnpm/github-changelog@2.0.0/node_modules/github-changelog/bin/cli.js' --next-version Release",
  command: 'node /home/runner/work/limber/limber/node_modules/.pnpm/github-changelog@2.0.0/node_modules/github-changelog/bin/cli.js --next-version Release',
  escapedCommand: "node '/home/runner/work/limber/limber/node_modules/.pnpm/github-changelog@2.0.0/node_modules/github-changelog/bin/cli.js' --next-version Release",
  cwd: '/home/runner/work/limber/limber',
  durationMs: 438.820258,
  failed: true,
  timedOut: false,
  isCanceled: false,
  isGracefullyCanceled: false,
  isTerminated: false,
  isMaxBuffer: false,
  isForcefullyTerminated: false,
  exitCode: 1,
  stdout: 'Error: Command failed with exit code 128: git describe --abbrev=0 --tags\n' +
    'fatal: No names found, cannot describe anything.\n' +
    '    at makeError (/home/runner/work/limber/limber/node_modules/.pnpm/execa@5.1.1/node_modules/execa/lib/error.js:60:11)\n' +
    '    at module.exports.sync (/home/runner/work/limber/limber/node_modules/.pnpm/execa@5.1.1/node_modules/execa/index.js:194:17)\n' +
    '    at Object.lastTag (/home/runner/work/limber/limber/node_modules/.pnpm/github-changelog@2.0.0/node_modules/github-changelog/lib/git.js:31:18)\n' +
    '    at Changelog.<anonymous> (/home/runner/work/limber/limber/node_modules/.pnpm/github-changelog@2.0.0/node_modules/github-changelog/lib/changelog.js:32:56)\n' +
    '    at Generator.next (<anonymous>)\n' +
    '    at /home/runner/work/limber/limber/node_modules/.pnpm/github-changelog@2.0.0/node_modules/github-changelog/lib/changelog.js:8:71\n' +
    '    at new Promise (<anonymous>)\n' +
    '    at __awaiter (/home/runner/work/limber/limber/node_modules/.pnpm/github-changelog@2.0.0/node_modules/github-changelog/lib/changelog.js:4:12)\n' +
    '    at Changelog.createMarkdown (/home/runner/work/limber/limber/node_modules/.pnpm/github-changelog@2.0.0/node_modules/github-changelog/lib/changelog.js:31:16)\n' +
    '    at Object.<anonymous> (/home/runner/work/limber/limber/node_modules/.pnpm/github-changelog@2.0.0/node_modules/github-changelog/lib/cli.js:77:64)\n' +
    '    at Generator.next (<anonymous>)\n' +
    '    at /home/runner/work/limber/limber/node_modules/.pnpm/github-changelog@2.0.0/node_modules/github-changelog/lib/cli.js:8:71\n' +
    '    at new Promise (<anonymous>)\n' +
    '    at __awaiter (/home/runner/work/limber/limber/node_modules/.pnpm/github-changelog@2.0.0/node_modules/github-changelog/lib/cli.js:4:12)\n' +
    '    at Object.run (/home/runner/work/limber/limber/node_modules/.pnpm/github-changelog@2.0.0/node_modules/github-changelog/lib/cli.js:20:12)\n' +
    '    at Object.<anonymous> (/home/runner/work/limber/limber/node_modules/.pnpm/github-changelog@2.0.0/node_modules/github-changelog/bin/cli.js:7:5)',
  stderr: '',
  stdio: [
    undefined,
    'Error: Command failed with exit code 128: git describe --abbrev=0 --tags\n' +
      'fatal: No names found, cannot describe anything.\n' +
      '    at makeError (/home/runner/work/limber/limber/node_modules/.pnpm/execa@5.1.1/node_modules/execa/lib/error.js:60:11)\n' +
      '    at module.exports.sync (/home/runner/work/limber/limber/node_modules/.pnpm/execa@5.1.1/node_modules/execa/index.js:194:17)\n' +
      '    at Object.lastTag (/home/runner/work/limber/limber/node_modules/.pnpm/github-changelog@2.0.0/node_modules/github-changelog/lib/git.js:31:18)\n' +
      '    at Changelog.<anonymous> (/home/runner/work/limber/limber/node_modules/.pnpm/github-changelog@2.0.0/node_modules/github-changelog/lib/changelog.js:32:56)\n' +
      '    at Generator.next (<anonymous>)\n' +
      '    at /home/runner/work/limber/limber/node_modules/.pnpm/github-changelog@2.0.0/node_modules/github-changelog/lib/changelog.js:8:71\n' +
      '    at new Promise (<anonymous>)\n' +
      '    at __awaiter (/home/runner/work/limber/limber/node_modules/.pnpm/github-changelog@2.0.0/node_modules/github-changelog/lib/changelog.js:4:12)\n' +
      '    at Changelog.createMarkdown (/home/runner/work/limber/limber/node_modules/.pnpm/github-changelog@2.0.0/node_modules/github-changelog/lib/changelog.js:31:16)\n' +
      '    at Object.<anonymous> (/home/runner/work/limber/limber/node_modules/.pnpm/github-changelog@2.0.0/node_modules/github-changelog/lib/cli.js:77:64)\n' +
      '    at Generator.next (<anonymous>)\n' +
      '    at /home/runner/work/limber/limber/node_modules/.pnpm/github-changelog@2.0.0/node_modules/github-changelog/lib/cli.js:8:71\n' +
      '    at new Promise (<anonymous>)\n' +
      '    at __awaiter (/home/runner/work/limber/limber/node_modules/.pnpm/github-changelog@2.0.0/node_modules/github-changelog/lib/cli.js:4:12)\n' +
      '    at Object.run (/home/runner/work/limber/limber/node_modules/.pnpm/github-changelog@2.0.0/node_modules/github-changelog/lib/cli.js:20:12)\n' +
      '    at Object.<anonymous> (/home/runner/work/limber/limber/node_modules/.pnpm/github-changelog@2.0.0/node_modules/github-changelog/bin/cli.js:7:5)',
    ''
  ],
  ipcOutput: [],
  pipedFrom: []
}
